Chronologic VCS simulator copyright 1991-2014
Contains Synopsys proprietary information.
Compiler version J-2014.12-SP3-1_Full64; Runtime version J-2014.12-SP3-1_Full64;  Feb 24 14:02 2020
VCD+ Writer J-2014.12-SP3-1_Full64 Copyright (c) 1991-2014 by Synopsys Inc.
The file '/afs/ece.cmu.edu/usr/bhung/Private/hw5/inter.vpd' was opened successfully.
$finish called from file "hw5prob3.sv", line 33.
$finish at simulation time                  125
Simulation complete, time is 125.
Chronologic VCS simulator copyright 1991-2014
Contains Synopsys proprietary information.
Compiler version J-2014.12-SP3-1_Full64; Runtime version J-2014.12-SP3-1_Full64;  Feb 24 14:03 2020
VCD+ Writer J-2014.12-SP3-1_Full64 Copyright (c) 1991-2014 by Synopsys Inc.
The file '/afs/ece.cmu.edu/usr/bhung/Private/hw5/inter.vpd' was opened successfully.
$finish called from file "hw5prob3.sv", line 33.
$finish at simulation time                  125
Simulation complete, time is 125.
---------------------------------------------

The tool has just exited abnormally:


Release = 'J-2014.12-SP3-1_Full64'  Architecture = 'amd64'  Program = 'DVE'

'33560838 33587166 33589351 140166101408953'

---------------------------------------------
=======================DVE Context and Call Stack=========================
Command line: /usr/local/synopsys/vcs-mx_vJ-2014.12/gui/dve/amd64/bin/dve.exe -full64 -ucliplatform=amd64 -toolargs "-ucligui -toolexe ./simv  -pid 21197" -toolin /tmp/vcs_20200224190200_21196_bhung..stdin -toolout /tmp/vcs_20200224190200_21196_bhung..stdout

--- Stack trace follows:
[Thread debugging using libthread_db enabled]
[New Thread 0x7f7af43fe700 (LWP 21445)]
[New Thread 0x7f7af4bff700 (LWP 21376)]

warning: no loadable sections found in added symbol-file system-supplied DSO at 0x7ffd4abf9000
0x00007f7af6b7d4a9 in waitpid () from /lib64/libc.so.6

Thread 3 (Thread 0x7f7af4bff700 (LWP 21376)):
#0  0x00007f7af879dde2 in pthread_cond_timedwait@@GLIBC_2.3.2 () from /lib64/libpthread.so.0
#1  0x000000000290c20b in ?? ()
#2  0x000000000290c69e in QThread::msleep(unsigned long) ()
#3  0x0000000001112627 in ag::dveXThread::run() ()
#4  0x000000000290c3ba in QThreadInstance::start(void*) ()
#5  0x00007f7af8799ea5 in start_thread () from /lib64/libpthread.so.0
#6  0x00007f7af6bb68cd in clone () from /lib64/libc.so.6

Thread 2 (Thread 0x7f7af43fe700 (LWP 21445)):
#0  0x00007f7af87a0efd in open64 () from /lib64/libpthread.so.0
#1  0x0000000001226761 in ag::dveSmlSocket::run() ()
#2  0x000000000290c3ba in QThreadInstance::start(void*) ()
#3  0x00007f7af8799ea5 in start_thread () from /lib64/libpthread.so.0
#4  0x00007f7af6bb68cd in clone () from /lib64/libc.so.6

Thread 1 (Thread 0x7f7afa379840 (LWP 21211)):
#0  0x00007f7af6b7d4a9 in waitpid () from /lib64/libc.so.6
#1  0x00007f7af6afaf52 in do_system () from /lib64/libc.so.6
#2  0x00007f7af6afb301 in system () from /lib64/libc.so.6
#3  0x00007f7af9b69bb5 in SNPSle_10ee25eff68cd8461c9146fa1d0b35e87067f3c8015b313e639d2928478c79b3f673f99203bcf8be64600612100082236bffb2007f1e0ef9 () from /usr/local/synopsys/vcs-mx_vJ-2014.12/amd64/lib/liberrorinf.so
#4  0x00007f7af9b6a17b in SNPSle_10ee25eff68cd8461c9146fa1d0b35e87067f3c8015b313e81c34e9ac4c8988ef4a6e067b3aa9271e9f15440f9e8f69ebc77e2fd65860faa () from /usr/local/synopsys/vcs-mx_vJ-2014.12/amd64/lib/liberrorinf.so
#5  0x00007f7af9b6b4a6 in SNPSle_10ee25eff68cd8461c9146fa1d0b35e87067f3c8015b313efba706aab251478fa49e66610e453774633a6c152e7ef778f2202cda681f3d4e () from /usr/local/synopsys/vcs-mx_vJ-2014.12/amd64/lib/liberrorinf.so
#6  0x00007f7af9b6312d in SNPSle_d35ca1ff70d465c2b9b1a72eee90a506fdd009d3de3db1de () from /usr/local/synopsys/vcs-mx_vJ-2014.12/amd64/lib/liberrorinf.so
#7  0x0000000002007f89 in ag::logErrorMessage(ag::errorType, QString const&, bool) ()
#8  0x0000000002008867 in ?? ()
#9  0x00007f7af6af1cb9 in __run_exit_handlers () from /lib64/libc.so.6
#10 0x00007f7af6af1d27 in exit () from /lib64/libc.so.6
#11 0x0000000001158bc6 in VCS_EXIT ()
#12 0x000000000121045e in SigHandler ()
#13 <signal handler called>
#14 0x00007f7af6bad993 in select () from /lib64/libc.so.6
#15 0x00000000028d5734 in QEventLoop::processEvents(unsigned int) ()
#16 0x0000000001157855 in ag::ovaEventLoop::processEvents(unsigned int) ()
#17 0x0000000002922dc9 in QEventLoop::enterLoop() ()
#18 0x0000000002922d4a in QEventLoop::exec() ()
#19 0x000000000115718b in run_cci_event_loop ()
#20 0x000000000111370f in ag::ovaAppInst::enterEventLoop(int, char**) ()
#21 0x0000000000e21821 in main ()
No context available
==========================================================================
