19:48:58    16 -->                                                             [tcl] ucliGUI::connect -toolargs -ucligui -toolexe ./simv -pid 115586 -toolin /tmp/vcs_20200316234837_115585_bhung..stdin -toolout /tmp/vcs_20200316234837_115585_bhung..stdout  
19:48:58    17 -->                                                                 [tcl] set ucliGUI::state
19:48:58    18 -->                                                                     [tcl] gui_update_simulator_buttons
19:49:08    19 -->                                                                         [tcl] set ucliGUI::state
19:49:08    20 -->                                                                             [tcl] ucliCore::getToolPID
19:49:08    21 -->                                                                                 [tcl] synopsys::env hasTB
19:49:08    22 -->                                                                                     [tcl] trigger_hier_stack_context_switch 0
19:49:08    23 -->                                                                                         [tcl] synUtils::setDVEInitPhase 1
19:49:08    24 -->                                                                                             [tcl] gui_get_env SIMSETUP::SIMVPD
19:49:08    25 --> ...  [tcl] synopsys::dump -type VPD -file /afs/ece.cmu.edu/usr/bhung/Private/hw7/inter.vpd -locking
19:49:08    26 --> ...      [tcl] synopsys::dump -autoflush on -fid VPD0
19:49:08    27 --> ...          [tcl] set ::dve_fid VPD0
19:49:08    28 --> ...              [tcl] synUtils::setDVEInitPhase 0
19:49:08    29 --> ...                  [tcl] ucliCore::getToolPID
19:49:08    30 --> ...                      [tcl] synUtils::sendTool -active _icl_setToolSocket /tmp/smlnpdzUMSL
19:49:08    31 --> ...                          [tcl] synUtils::sendTool -active {_icl_start_rpc -version "J-2014.12-SP3-1_Full64" -sync_file /tmp/vcs_dve_rpc.bhung.115586}
19:49:08    32 --> ...                              [tcl] synUtils::sendTool -active {_icl_createSharedMemory /tmp/vcs_dve_general.bhung.115586}
19:49:09    33 --> ...                                  [tcl] dveMisc::vbusExpand Mux2to1_test
19:49:10    34 --> ...                                      [tcl] config endofsim noexit
19:49:10    35 --> ...                                          [tcl] config onfail enable all
19:49:10    36 --> ...                                              [tcl] config syscaddplainmembers
19:49:10    37 --> ...                                                  [tcl] config syscaddsourcenames
19:49:10    38 --> ...                                                      [tcl] config syscaddstructtypes
19:49:10    39 --> ...                                                          [tcl] synopsys::listing -disable
19:50:27    40 --> ...                                                              [tcl] synopsys::dump -add {Mux2to1_test} -scope "." -depth 1 -fid VPD0
19:50:41    41 --> ...                                                                  [tcl] synopsys::run
19:50:41    42 --> ...                                                                      [tcl] set ucliGUI::state
19:50:41    43 --> ...                                                                          [tcl] set ucliGUI::state
19:50:41    44 --> ...                                                                              [tcl] set ucliGUI::state
19:50:41    45 --> ...                                                                                  [tcl] set ucliGUI::state
19:50:41    46 --> ...                                                                                      [tcl] catch {senv activeDomain} dveMisc::result 
19:50:41    47 --> ...                                                                                          [tcl] set dveMisc::result
19:50:41    48 --> ...                                                                                              [tcl] gui_update_simulator_buttons
19:51:47    49 --> ...                                                                                                  [tcl] if [catch {gui_sim_terminate}] {gui_sim_terminate -kill}
19:51:47    50 --> ...  [tcl] synopsys::finish
19:51:47    51 --> ...      [tcl] set ucliGUI::state
19:51:47    52 --> ...          [tcl] set ucliGUI::state
19:51:47    53 --> ...              [tcl] catch {senv activeDomain} dveMisc::result 
19:51:47    54 --> ...                  [tcl] set dveMisc::result
19:51:47    55 --> ...                      [tcl] gui_update_simulator_buttons
19:51:47    56 --> ...                          [tcl] catch {senv activeDomain} dveMisc::result 
19:51:47    57 --> ...                              [tcl] set dveMisc::result
19:51:49    58 --> ...                                  [tcl] ucli_exit
